This is pdfTeX, Version 3.141592653-2.6-1.40.22 (MiKTeX 21.6) (preloaded format=pdflatex 2021.7.23)  24 JUL 2021 15:01
entering extended mode
**./project-propsal.tex
(project-propsal.tex
LaTeX2e <2021-06-01>
L3 programming layer <2021-06-01> (D:\LATEX\tex/latex/base\report.cls
Document Class: report 2021/02/12 v1.4n Standard LaTeX document class
(D:\LATEX\tex/latex/base\size10.clo
File: size10.clo 2021/02/12 v1.4n Standard LaTeX file (size option)
)
\c@part=\count182
\c@chapter=\count183
\c@section=\count184
\c@subsection=\count185
\c@subsubsection=\count186
\c@paragraph=\count187
\c@subparagraph=\count188
\c@figure=\count189
\c@table=\count190
\abovecaptionskip=\skip47
\belowcaptionskip=\skip48
\bibindent=\dimen138
)
(D:\LATEX\tex/latex/l3backend\l3backend-pdftex.def
File: l3backend-pdftex.def 2021-05-07 L3 backend support: PDF output (pdfTeX)
\l__color_backend_stack_int=\count191
\l__pdf_internal_box=\box50
) (project-propsal.aux)
\openout1 = `project-propsal.aux'.

LaTeX Font Info:    Checking defaults for OML/cmm/m/it on input line 3.
LaTeX Font Info:    ... okay on input line 3.
LaTeX Font Info:    Checking defaults for OMS/cmsy/m/n on input line 3.
LaTeX Font Info:    ... okay on input line 3.
LaTeX Font Info:    Checking defaults for OT1/cmr/m/n on input line 3.
LaTeX Font Info:    ... okay on input line 3.
LaTeX Font Info:    Checking defaults for T1/cmr/m/n on input line 3.
LaTeX Font Info:    ... okay on input line 3.
LaTeX Font Info:    Checking defaults for TS1/cmr/m/n on input line 3.
LaTeX Font Info:    ... okay on input line 3.
LaTeX Font Info:    Checking defaults for OMX/cmex/m/n on input line 3.
LaTeX Font Info:    ... okay on input line 3.
LaTeX Font Info:    Checking defaults for U/cmr/m/n on input line 3.
LaTeX Font Info:    ... okay on input line 3.

[1

{C:/Users/User/AppData/Local/MiKTeX/pdftex/config/pdftex.map}] [1] [2]
(project-propsal.aux) ) 
Here is how much of TeX's memory you used:
 417 strings out of 478864
 7256 string characters out of 2865619
 306357 words of memory out of 3000000
 18420 multiletter control sequences out of 15000+600000
 405274 words of font info for 33 fonts, out of 8000000 for 9000
 1141 hyphenation exceptions out of 8191
 34i,5n,41p,531b,138s stack positions out of 5000i,500n,10000p,200000b,80000s
 <C:\Users\User\AppData\Local\MiKTeX\fonts/pk/ljfour/jkn
appen/ec/dpi600\tcrm1000.pk><D:/LATEX/fonts/type1/public/amsfonts/cm/cmbx12.pfb
><D:/LATEX/fonts/type1/public/amsfonts/cm/cmr10.pfb><D:/LATEX/fonts/type1/publi
c/amsfonts/cm/cmr12.pfb>
Output written on project-propsal.pdf (3 pages, 61870 bytes).
PDF statistics:
 32 PDF objects out of 1000 (max. 8388607)
 0 named destinations out of 1000 (max. 500000)
 1 words of extra memory for PDF output out of 10000 (max. 10000000)

